chat Informante: OK (P1)
colab Hacker: OK (P1)
move north: OK (P1)
attack Dron_Vigia: OK (P2)
take TarjetaBasica: OK (P2)
open PuertaEntrada with TarjetaBasica: OK (P2)
move north: OK (P2)
take GafasRA: OK (P1)
move east: OK (P1)
move south: OK (P2)
chat Ingeniero: OK (P1)
recruit Ingeniero: OK (P1)
take TarjetaNivel2: OK (P1)
move north: OK (P1)
move west: OK (P2)
move west: OK (P1)
move north: OK (P2)
attack Ciborg_Sgt: OK (P1)
take PistolaEMP: OK (P1)
move south: OK (P1)
move east: OK (P2)
open PuertaServidores with TarjetaNivel2: OK (P1)
move north: OK (P1)
chat GuiaDigital: OK (P2)
move west: OK (P2)
take Password: OK (P1)
move east: OK (P1)
open PuertaLaboratorio with Password: OK (P2)
move east: OK (P2)
take BrazoBionico: OK (P1)
move west: OK (P1)
move north: OK (P2)
move east: OK (P1)
take TarjetaVIP: OK (P2)
move west: OK (P2)
open PuertaNucleo with TarjetaVIP: OK (P1)
move north: OK (P1)
attack NeoCEO: OK (P2)
take PaseAzotea: OK (P2)
take ModuloDatos: OK (P2)
open EscotillaAzotea with PaseAzotea: OK (P2)
move up: OK (P2)
exit: OK (P1)
